
*** Running vivado
    with args -log blk_mem_gen_0.vds -m64 -product Vivado -mode batch -messageDb vivado.pb -notrace -source blk_mem_gen_0.tcl



****** Vivado v2024.1 (64-bit)
  **** SW Build 5076996 on Wed May 22 18:37:14 MDT 2024
  **** IP Build 5075265 on Wed May 22 21:45:21 MDT 2024
  **** SharedData Build 5076995 on Wed May 22 18:29:18 MDT 2024
  **** Start of session at: Wed Apr 15 15:54:33 2026
    ** Copyright 1986-2022 Xilinx, Inc. All Rights Reserved.
    ** Copyright 2022-2024 Advanced Micro Devices, Inc. All Rights Reserved.

source blk_mem_gen_0.tcl -notrace
create_project: Time (s): cpu = 00:00:13 ; elapsed = 00:00:16 . Memory (MB): peak = 513.520 ; gain = 199.336
INFO: [IP_Flow 19-6924] IPCACHE: Running cache check for IP inst: blk_mem_gen_0
INFO: [IP_Flow 19-6922] IPCACHE: Exporting cached entry 06c8a1047e0e026d to dir: C:/Users/Nico/Documents/GitHubActivities/PlantsVsZombies/withNico/withNico.runs/blk_mem_gen_0_synth_1
INFO: [IP_Flow 19-6928] IPCACHE: copied cached file c:/Users/Nico/Documents/GitHubActivities/PlantsVsZombies/withNico/withNico.cache/ip/2024.1/0/6/06c8a1047e0e026d/blk_mem_gen_0.dcp to C:/Users/Nico/Documents/GitHubActivities/PlantsVsZombies/withNico/withNico.runs/blk_mem_gen_0_synth_1/blk_mem_gen_0.dcp.
INFO: [IP_Flow 19-6928] IPCACHE: copied cached file c:/Users/Nico/Documents/GitHubActivities/PlantsVsZombies/withNico/withNico.cache/ip/2024.1/0/6/06c8a1047e0e026d/blk_mem_gen_0_sim_netlist.v to C:/Users/Nico/Documents/GitHubActivities/PlantsVsZombies/withNico/withNico.runs/blk_mem_gen_0_synth_1/blk_mem_gen_0_sim_netlist.v.
INFO: [IP_Flow 19-6928] IPCACHE: copied cached file c:/Users/Nico/Documents/GitHubActivities/PlantsVsZombies/withNico/withNico.cache/ip/2024.1/0/6/06c8a1047e0e026d/blk_mem_gen_0_sim_netlist.vhdl to C:/Users/Nico/Documents/GitHubActivities/PlantsVsZombies/withNico/withNico.runs/blk_mem_gen_0_synth_1/blk_mem_gen_0_sim_netlist.vhdl.
INFO: [IP_Flow 19-6928] IPCACHE: copied cached file c:/Users/Nico/Documents/GitHubActivities/PlantsVsZombies/withNico/withNico.cache/ip/2024.1/0/6/06c8a1047e0e026d/blk_mem_gen_0_stub.v to C:/Users/Nico/Documents/GitHubActivities/PlantsVsZombies/withNico/withNico.runs/blk_mem_gen_0_synth_1/blk_mem_gen_0_stub.v.
INFO: [IP_Flow 19-6928] IPCACHE: copied cached file c:/Users/Nico/Documents/GitHubActivities/PlantsVsZombies/withNico/withNico.cache/ip/2024.1/0/6/06c8a1047e0e026d/blk_mem_gen_0_stub.vhdl to C:/Users/Nico/Documents/GitHubActivities/PlantsVsZombies/withNico/withNico.runs/blk_mem_gen_0_synth_1/blk_mem_gen_0_stub.vhdl.
INFO: [IP_Flow 19-4838] Using cached IP synthesis design for IP blk_mem_gen_0, cache-ID = 06c8a1047e0e026d.
INFO: [Common 17-206] Exiting Vivado at Wed Apr 15 15:54:58 2026...
