Copyright 1986-2022 Xilinx, Inc. All Rights Reserved. Copyright 2022-2024 Advanced Micro Devices, Inc. All Rights Reserved.
-------------------------------------------------------------------------------------------------------------------------------------------------
| Tool Version     : Vivado v.2024.1 (win64) Build 5076996 Wed May 22 18:37:14 MDT 2024
| Date             : Wed Apr 15 17:24:31 2026
| Host             : LAPTOP-07QTASJP running 64-bit major release  (build 9200)
| Command          : report_power -file gameTop_power_routed.rpt -pb gameTop_power_summary_routed.pb -rpx gameTop_power_routed.rpx
| Design           : gameTop
| Device           : xc7a100tcsg324-1
| Design State     : routed
| Grade            : commercial
| Process          : typical
| Characterization : Production
-------------------------------------------------------------------------------------------------------------------------------------------------

Power Report

Table of Contents
-----------------
1. Summary
1.1 On-Chip Components
1.2 Power Supply Summary
1.3 Confidence Level
2. Settings
2.1 Environment
2.2 Clock Constraints
3. Detailed Reports
3.1 By Hierarchy

1. Summary
----------

+--------------------------+--------------+
| Total On-Chip Power (W)  | 0.238        |
| Design Power Budget (W)  | Unspecified* |
| Power Budget Margin (W)  | NA           |
| Dynamic (W)              | 0.140        |
| Device Static (W)        | 0.098        |
| Effective TJA (C/W)      | 4.6          |
| Max Ambient (C)          | 83.9         |
| Junction Temperature (C) | 26.1         |
| Confidence Level         | Low          |
| Setting File             | ---          |
| Simulation Activity File | ---          |
| Design Nets Matched      | NA           |
+--------------------------+--------------+
* Specify Design Power Budget using, set_operating_conditions -design_power_budget <value in Watts>


1.1 On-Chip Components
----------------------

+--------------------------+-----------+----------+-----------+-----------------+
| On-Chip                  | Power (W) | Used     | Available | Utilization (%) |
+--------------------------+-----------+----------+-----------+-----------------+
| Clocks                   |     0.003 |        6 |       --- |             --- |
| Slice Logic              |     0.004 |     2125 |       --- |             --- |
|   LUT as Logic           |     0.004 |     1255 |     63400 |            1.98 |
|   Register               |    <0.001 |      474 |    126800 |            0.37 |
|   LUT as Distributed RAM |    <0.001 |        4 |     19000 |            0.02 |
|   CARRY4                 |    <0.001 |       36 |     15850 |            0.23 |
|   F7/F8 Muxes            |    <0.001 |        7 |     63400 |            0.01 |
|   Others                 |     0.000 |       62 |       --- |             --- |
|   BUFG                   |     0.000 |        1 |        32 |            3.13 |
| Signals                  |     0.006 |     1681 |       --- |             --- |
| Block RAM                |     0.017 |     17.5 |       135 |           12.96 |
| MMCM                     |     0.101 |        1 |         6 |           16.67 |
| I/O                      |     0.009 |       24 |       210 |           11.43 |
| Static Power             |     0.098 |          |           |                 |
| Total                    |     0.238 |          |           |                 |
+--------------------------+-----------+----------+-----------+-----------------+


1.2 Power Supply Summary
------------------------

+-----------+-------------+-----------+-------------+------------+-------------+-------------+------------+
| Source    | Voltage (V) | Total (A) | Dynamic (A) | Static (A) | Powerup (A) | Budget (A)  | Margin (A) |
+-----------+-------------+-----------+-------------+------------+-------------+-------------+------------+
| Vccint    |       1.000 |     0.044 |       0.028 |      0.016 |       NA    | Unspecified | NA         |
| Vccaux    |       1.800 |     0.075 |       0.056 |      0.018 |       NA    | Unspecified | NA         |
| Vcco33    |       3.300 |     0.007 |       0.003 |      0.004 |       NA    | Unspecified | NA         |
| Vcco25    |       2.500 |     0.000 |       0.000 |      0.000 |       NA    | Unspecified | NA         |
| Vcco18    |       1.800 |     0.000 |       0.000 |      0.000 |       NA    | Unspecified | NA         |
| Vcco15    |       1.500 |     0.000 |       0.000 |      0.000 |       NA    | Unspecified | NA         |
| Vcco135   |       1.350 |     0.000 |       0.000 |      0.000 |       NA    | Unspecified | NA         |
| Vcco12    |       1.200 |     0.000 |       0.000 |      0.000 |       NA    | Unspecified | NA         |
| Vccaux_io |       1.800 |     0.000 |       0.000 |      0.000 |       NA    | Unspecified | NA         |
| Vccbram   |       1.000 |     0.002 |       0.001 |      0.001 |       NA    | Unspecified | NA         |
| MGTAVcc   |       1.000 |     0.000 |       0.000 |      0.000 |       NA    | Unspecified | NA         |
| MGTAVtt   |       1.200 |     0.000 |       0.000 |      0.000 |       NA    | Unspecified | NA         |
| Vccadc    |       1.800 |     0.020 |       0.000 |      0.020 |       NA    | Unspecified | NA         |
+-----------+-------------+-----------+-------------+------------+-------------+-------------+------------+


1.3 Confidence Level
--------------------

+-----------------------------+------------+--------------------------------------------------------+--------------------------------------------------------------------------------------------------------------------+
| User Input Data             | Confidence | Details                                                | Action                                                                                                             |
+-----------------------------+------------+--------------------------------------------------------+--------------------------------------------------------------------------------------------------------------------+
| Design implementation state | High       | Design is routed                                       |                                                                                                                    |
| Clock nodes activity        | Low        | User specified less than 75% of clocks                 | Provide missing clock activity with a constraint file, simulation results or by editing the "By Clock Domain" view |
| I/O nodes activity          | Low        | More than 75% of inputs are missing user specification | Provide missing input activity with simulation results or by editing the "By Resource Type -> I/Os" view           |
| Internal nodes activity     | Medium     | User specified less than 25% of internal nodes         | Provide missing internal nodes activity with simulation results or by editing the "By Resource Type" views         |
| Device models               | High       | Device models are Production                           |                                                                                                                    |
|                             |            |                                                        |                                                                                                                    |
| Overall confidence level    | Low        |                                                        |                                                                                                                    |
+-----------------------------+------------+--------------------------------------------------------+--------------------------------------------------------------------------------------------------------------------+


2. Settings
-----------

2.1 Environment
---------------

+-----------------------+--------------------------+
| Ambient Temp (C)      | 25.0                     |
| ThetaJA (C/W)         | 4.6                      |
| Airflow (LFM)         | 250                      |
| Heat Sink             | medium (Medium Profile)  |
| ThetaSA (C/W)         | 4.6                      |
| Board Selection       | medium (10"x10")         |
| # of Board Layers     | 12to15 (12 to 15 Layers) |
| Board Temperature (C) | 25.0                     |
+-----------------------+--------------------------+


2.2 Clock Constraints
---------------------

+--------------------+---------------------------------+-----------------+
| Clock              | Domain                          | Constraint (ns) |
+--------------------+---------------------------------+-----------------+
| clk_out1_clk_wiz_0 | myClock/inst/clk_out1_clk_wiz_0 |             9.4 |
| clkfbout_clk_wiz_0 | myClock/inst/clkfbout_clk_wiz_0 |            70.0 |
| sys_clk_pin        | clk                             |            10.0 |
| sys_clk_pin        | clk_IBUF                        |            10.0 |
+--------------------+---------------------------------+-----------------+


3. Detailed Reports
-------------------

3.1 By Hierarchy
----------------

+----------------------------+-----------+
| Name                       | Power (W) |
+----------------------------+-----------+
| gameTop                    |     0.140 |
|   grid                     |     0.019 |
|     grassRomBlock          |     0.005 |
|       U0                   |     0.005 |
|     peaShooterMaskRomBlock |     0.001 |
|       U0                   |     0.001 |
|     peaShooterRomBlock     |     0.005 |
|       U0                   |     0.005 |
|     sunflowerMaskRomBlock  |     0.001 |
|       U0                   |     0.001 |
|     sunflowerRomBlock      |     0.006 |
|       U0                   |     0.006 |
|   myClock                  |     0.101 |
|     inst                   |     0.101 |
|   nolabel_line213          |     0.005 |
|   vga_out                  |     0.004 |
+----------------------------+-----------+


