Copyright 1986-2022 Xilinx, Inc. All Rights Reserved. Copyright 2022-2024 Advanced Micro Devices, Inc. All Rights Reserved.
---------------------------------------------------------------------------------------------------------------------------------------------
| Tool Version : Vivado v.2024.1 (win64) Build 5076996 Wed May 22 18:37:14 MDT 2024
| Date         : Thu Apr 16 15:30:06 2026
| Host         : LAPTOP-07QTASJP running 64-bit major release  (build 9200)
| Command      : report_control_sets -verbose -file gameTop_control_sets_placed.rpt
| Design       : gameTop
| Device       : xc7a100t
---------------------------------------------------------------------------------------------------------------------------------------------

Control Set Information

Table of Contents
-----------------
1. Summary
2. Histogram
3. Flip-Flop Distribution
4. Detailed Control Set Information

1. Summary
----------

+----------------------------------------------------------+-------+
|                          Status                          | Count |
+----------------------------------------------------------+-------+
| Total control sets                                       |    39 |
|    Minimum number of control sets                        |    39 |
|    Addition due to synthesis replication                 |     0 |
|    Addition due to physical synthesis replication        |     0 |
| Unused register locations in slices containing registers |   173 |
+----------------------------------------------------------+-------+
* Control sets can be merged at opt_design using control_set_merge or merge_equivalent_drivers
** Run report_qor_suggestions for automated merging and remapping suggestions


2. Histogram
------------

+--------------------+-------+
|       Fanout       | Count |
+--------------------+-------+
| Total control sets |    39 |
| >= 0 to < 4        |     4 |
| >= 4 to < 6        |     3 |
| >= 6 to < 8        |     1 |
| >= 8 to < 10       |     4 |
| >= 10 to < 12      |    23 |
| >= 12 to < 14      |     0 |
| >= 14 to < 16      |     0 |
| >= 16              |     4 |
+--------------------+-------+
* Control sets can be remapped at either synth_design or opt_design


3. Flip-Flop Distribution
-------------------------

+--------------+-----------------------+------------------------+-----------------+--------------+
| Clock Enable | Synchronous Set/Reset | Asynchronous Set/Reset | Total Registers | Total Slices |
+--------------+-----------------------+------------------------+-----------------+--------------+
| No           | No                    | No                     |             137 |           68 |
| No           | No                    | Yes                    |               0 |            0 |
| No           | Yes                   | No                     |              74 |           31 |
| Yes          | No                    | No                     |              33 |           14 |
| Yes          | No                    | Yes                    |               0 |            0 |
| Yes          | Yes                   | No                     |             231 |          105 |
+--------------+-----------------------+------------------------+-----------------+--------------+


4. Detailed Control Set Information
-----------------------------------

+------------------------+----------------------------------------------+----------------------------------------------+------------------+----------------+--------------+
|      Clock Signal      |                 Enable Signal                |               Set/Reset Signal               | Slice Load Count | Bel Load Count | Bels / Slice |
+------------------------+----------------------------------------------+----------------------------------------------+------------------+----------------+--------------+
|  gameClk_reg_n_0_BUFG  |                                              | zomb_gen0                                    |                1 |              1 |         1.00 |
|  myClock/inst/clk_out1 | vga_out/verticalCounter                      |                                              |                1 |              1 |         1.00 |
|  gameClk_reg_n_0_BUFG  | cursorPositionX[10]_i_1_n_0                  | cursorPositionX[8]_i_1_n_0                   |                1 |              2 |         2.00 |
|  clk_IBUF              |                                              |                                              |                2 |              3 |         1.50 |
|  myClock/inst/clk_out1 |                                              | vga_out/red_reg[0]                           |                1 |              4 |         4.00 |
|  gameClk_reg_n_0_BUFG  | vga_out/changeToGame_reg                     |                                              |                1 |              4 |         4.00 |
|  gameClk_reg_n_0_BUFG  | vga_out/changeToGame_reg_0                   |                                              |                1 |              4 |         4.00 |
|  gameClk_reg_n_0_BUFG  | cursorPositionX[10]_i_1_n_0                  |                                              |                4 |              7 |         1.75 |
|  myClock/inst/clk_out1 |                                              | vga_out/red_reg[0]_0                         |                3 |              8 |         2.67 |
|  gameClk_reg_n_0_BUFG  |                                              | vga_out/buttonSync1_reg                      |                3 |              8 |         2.67 |
|  gameClk_reg_n_0_BUFG  | cursorPositionY[10]_i_1_n_0                  |                                              |                3 |              9 |         3.00 |
|  myClock/inst/clk_out1 | vga_out/verticalCounter                      | vga_out/verticalCounter[9]_i_1_n_0           |                3 |              9 |         3.00 |
|  myClock/inst/clk_out1 |                                              | vga_out/currentY[9]_i_1_n_0                  |                5 |             10 |         2.00 |
|  gameClk_reg_n_0_BUFG  | nolabel_line212/zomb_pos_x[0][0][10]_i_2_n_0 | nolabel_line212/zomb_pos_x[0][0][10]_i_1_n_0 |                5 |             11 |         2.20 |
|  gameClk_reg_n_0_BUFG  | nolabel_line212/zomb_pos_x[0][1][10]_i_2_n_0 | nolabel_line212/zomb_pos_x[0][1][10]_i_1_n_0 |                6 |             11 |         1.83 |
|  gameClk_reg_n_0_BUFG  | nolabel_line212/zomb_pos_x[0][2][10]_i_2_n_0 | nolabel_line212/zomb_pos_x[0][2][10]_i_1_n_0 |                8 |             11 |         1.38 |
|  gameClk_reg_n_0_BUFG  | nolabel_line212/zomb_pos_x[0][3][10]_i_2_n_0 | nolabel_line212/zomb_pos_x[0][3][10]_i_1_n_0 |                4 |             11 |         2.75 |
|  gameClk_reg_n_0_BUFG  | nolabel_line212/zomb_pos_x[1][1][10]_i_2_n_0 | nolabel_line212/zomb_pos_x[1][1][10]_i_1_n_0 |                5 |             11 |         2.20 |
|  gameClk_reg_n_0_BUFG  | nolabel_line212/zomb_pos_x[2][2][10]_i_2_n_0 | nolabel_line212/zomb_pos_x[2][2][10]_i_1_n_0 |                4 |             11 |         2.75 |
|  gameClk_reg_n_0_BUFG  | nolabel_line212/zomb_pos_x[3][0][10]_i_2_n_0 | nolabel_line212/zomb_pos_x[3][0][10]_i_1_n_0 |                6 |             11 |         1.83 |
|  gameClk_reg_n_0_BUFG  | nolabel_line212/zomb_pos_x[3][2][10]_i_2_n_0 | nolabel_line212/zomb_pos_x[3][2][10]_i_1_n_0 |                6 |             11 |         1.83 |
|  gameClk_reg_n_0_BUFG  | nolabel_line212/zomb_pos_x[3][1][10]_i_2_n_0 | nolabel_line212/zomb_pos_x[3][1][10]_i_1_n_0 |                5 |             11 |         2.20 |
|  gameClk_reg_n_0_BUFG  | nolabel_line212/zomb_pos_x[3][3][10]_i_2_n_0 | nolabel_line212/zomb_pos_x[3][3][10]_i_1_n_0 |                3 |             11 |         3.67 |
|  gameClk_reg_n_0_BUFG  | nolabel_line212/zomb_pos_x[4][0][10]_i_2_n_0 | nolabel_line212/zomb_pos_x[4][0][10]_i_1_n_0 |                5 |             11 |         2.20 |
|  gameClk_reg_n_0_BUFG  | nolabel_line212/zomb_pos_x[4][1][10]_i_2_n_0 | nolabel_line212/zomb_pos_x[4][1][10]_i_1_n_0 |                5 |             11 |         2.20 |
|  gameClk_reg_n_0_BUFG  | nolabel_line212/zomb_pos_x[4][3][10]_i_2_n_0 | nolabel_line212/zomb_pos_x[4][3][10]_i_1_n_0 |                4 |             11 |         2.75 |
|  gameClk_reg_n_0_BUFG  | nolabel_line212/zomb_pos_x[4][2][10]_i_2_n_0 | nolabel_line212/zomb_pos_x[4][2][10]_i_1_n_0 |                6 |             11 |         1.83 |
|  gameClk_reg_n_0_BUFG  | nolabel_line212/zomb_pos_x[2][1][10]_i_2_n_0 | nolabel_line212/zomb_pos_x[2][1][10]_i_1_n_0 |                4 |             11 |         2.75 |
|  gameClk_reg_n_0_BUFG  | nolabel_line212/zomb_pos_x[2][0][10]_i_2_n_0 | nolabel_line212/zomb_pos_x[2][0][10]_i_1_n_0 |                6 |             11 |         1.83 |
|  myClock/inst/clk_out1 |                                              | vga_out/currentX[10]_i_1_n_0                 |                8 |             11 |         1.38 |
|  myClock/inst/clk_out1 |                                              | vga_out/verticalCounter                      |                4 |             11 |         2.75 |
|  gameClk_reg_n_0_BUFG  | nolabel_line212/zomb_pos_x[1][3][10]_i_2_n_0 | nolabel_line212/zomb_pos_x[1][3][10]_i_1_n_0 |                5 |             11 |         2.20 |
|  gameClk_reg_n_0_BUFG  | nolabel_line212/zomb_pos_x[1][2][10]_i_2_n_0 | nolabel_line212/zomb_pos_x[1][2][10]_i_1_n_0 |                5 |             11 |         2.20 |
|  gameClk_reg_n_0_BUFG  | nolabel_line212/zomb_pos_x[1][0][10]_i_2_n_0 | nolabel_line212/zomb_pos_x[1][0][10]_i_1_n_0 |                5 |             11 |         2.20 |
|  gameClk_reg_n_0_BUFG  | nolabel_line212/zomb_pos_x[2][3][10]_i_2_n_0 | nolabel_line212/zomb_pos_x[2][3][10]_i_1_n_0 |                4 |             11 |         2.75 |
|  gameClk_reg_n_0_BUFG  | LED_0_OBUF                                   |                                              |                6 |             16 |         2.67 |
|  clk_IBUF              |                                              | gameClk                                      |                6 |             21 |         3.50 |
|  myClock/inst/clk_out1 |                                              |                                              |               20 |             37 |         1.85 |
|  gameClk_reg_n_0_BUFG  |                                              |                                              |               46 |             97 |         2.11 |
+------------------------+----------------------------------------------+----------------------------------------------+------------------+----------------+--------------+


