
*** Running vivado
    with args -log gameTop.vds -m64 -product Vivado -mode batch -messageDb vivado.pb -notrace -source gameTop.tcl



****** Vivado v2024.1 (64-bit)
  **** SW Build 5076996 on Wed May 22 18:37:14 MDT 2024
  **** IP Build 5075265 on Wed May 22 21:45:21 MDT 2024
  **** SharedData Build 5076995 on Wed May 22 18:29:18 MDT 2024
  **** Start of session at: Tue Apr 14 18:01:28 2026
    ** Copyright 1986-2022 Xilinx, Inc. All Rights Reserved.
    ** Copyright 2022-2024 Advanced Micro Devices, Inc. All Rights Reserved.

source gameTop.tcl -notrace
create_project: Time (s): cpu = 00:00:13 ; elapsed = 00:00:14 . Memory (MB): peak = 514.559 ; gain = 199.969
Command: read_checkpoint -auto_incremental -incremental C:/Users/camer/Documents/GitHub/PlantsVsZombies/withNico/withNico.srcs/utils_1/imports/synth_1/gameTop.dcp
INFO: [Vivado 12-5825] Read reference checkpoint from C:/Users/camer/Documents/GitHub/PlantsVsZombies/withNico/withNico.srcs/utils_1/imports/synth_1/gameTop.dcp for incremental synthesis
INFO: [Vivado 12-7989] Please ensure there are no constraint changes
Command: synth_design -top gameTop -part xc7a100tcsg324-1
Starting synth_design
Attempting to get a license for feature 'Synthesis' and/or device 'xc7a100t'
INFO: [Common 17-349] Got license for feature 'Synthesis' and/or device 'xc7a100t'
INFO: [Device 21-403] Loading part xc7a100tcsg324-1
INFO: [Device 21-9227] Part: xc7a100tcsg324-1 does not have CEAM library.
INFO: [Designutils 20-5440] No compile time benefit to using incremental synthesis; A full resynthesis will be run
INFO: [Designutils 20-4379] Flow is switching to default flow due to incremental criteria not met. If you would like to alter this behaviour and have the flow terminate instead, please set the following parameter config_implementation {autoIncr.Synth.RejectBehavior Terminate}
INFO: [Synth 8-7079] Multithreading enabled for synth_design using a maximum of 2 processes.
INFO: [Synth 8-7078] Launching helper process for spawning children vivado processes
INFO: [Synth 8-7075] Helper process launched with PID 98316
---------------------------------------------------------------------------------
Starting RTL Elaboration : Time (s): cpu = 00:00:09 ; elapsed = 00:00:10 . Memory (MB): peak = 1395.633 ; gain = 451.430
---------------------------------------------------------------------------------
INFO: [Synth 8-11241] undeclared symbol 'pixelClk', assumed default net type 'wire' [C:/Users/camer/Documents/GitHub/PlantsVsZombies/withNico/withNico.srcs/sources_1/new/gameTop.v:79]
WARNING: [Synth 8-10929] literal value 'd1666666 truncated to fit in 20 bits [C:/Users/camer/Documents/GitHub/PlantsVsZombies/withNico/withNico.srcs/sources_1/new/gameTop.v:86]
INFO: [Synth 8-11241] undeclared symbol 'validDisplay', assumed default net type 'wire' [C:/Users/camer/Documents/GitHub/PlantsVsZombies/withNico/withNico.srcs/sources_1/new/gameTop.v:254]
INFO: [Synth 8-11241] undeclared symbol 'validRange', assumed default net type 'wire' [C:/Users/camer/Documents/GitHub/PlantsVsZombies/withNico/withNico.srcs/sources_1/new/gameTop.v:274]
WARNING: [Synth 8-6901] identifier 'updatePlant' is used before its declaration [C:/Users/camer/Documents/GitHub/PlantsVsZombies/withNico/withNico.srcs/sources_1/new/gameTop.v:106]
WARNING: [Synth 8-6901] identifier 'updateAddr' is used before its declaration [C:/Users/camer/Documents/GitHub/PlantsVsZombies/withNico/withNico.srcs/sources_1/new/gameTop.v:107]
WARNING: [Synth 8-6901] identifier 'updateAddr' is used before its declaration [C:/Users/camer/Documents/GitHub/PlantsVsZombies/withNico/withNico.srcs/sources_1/new/gameTop.v:116]
WARNING: [Synth 8-6901] identifier 'updatePlant' is used before its declaration [C:/Users/camer/Documents/GitHub/PlantsVsZombies/withNico/withNico.srcs/sources_1/new/gameTop.v:117]
INFO: [Synth 8-6157] synthesizing module 'gameTop' [C:/Users/camer/Documents/GitHub/PlantsVsZombies/withNico/withNico.srcs/sources_1/new/gameTop.v:3]
INFO: [Synth 8-6157] synthesizing module 'clk_wiz_0' [C:/Users/camer/Documents/GitHub/PlantsVsZombies/withNico/withNico.runs/synth_1/.Xil/Vivado-92936-LAPTOP-07QTASJP/realtime/clk_wiz_0_stub.v:6]
INFO: [Synth 8-6155] done synthesizing module 'clk_wiz_0' (0#1) [C:/Users/camer/Documents/GitHub/PlantsVsZombies/withNico/withNico.runs/synth_1/.Xil/Vivado-92936-LAPTOP-07QTASJP/realtime/clk_wiz_0_stub.v:6]
INFO: [Synth 8-6157] synthesizing module 'zombie_module' [C:/Users/camer/Documents/GitHub/PlantsVsZombies/withNico/withNico.srcs/sources_1/new/zombie_module.v:23]
INFO: [Synth 8-6157] synthesizing module 'calculateAddress' [C:/Users/camer/Documents/GitHub/PlantsVsZombies/withNico/withNico.srcs/sources_1/new/calculateAddress.v:5]
INFO: [Synth 8-6155] done synthesizing module 'calculateAddress' (0#1) [C:/Users/camer/Documents/GitHub/PlantsVsZombies/withNico/withNico.srcs/sources_1/new/calculateAddress.v:5]
INFO: [Synth 8-6155] done synthesizing module 'zombie_module' (0#1) [C:/Users/camer/Documents/GitHub/PlantsVsZombies/withNico/withNico.srcs/sources_1/new/zombie_module.v:23]
INFO: [Synth 8-6157] synthesizing module 'cursor' [C:/Users/camer/Documents/GitHub/PlantsVsZombies/withNico/withNico.srcs/sources_1/new/cursor.v:23]
INFO: [Synth 8-6155] done synthesizing module 'cursor' (0#1) [C:/Users/camer/Documents/GitHub/PlantsVsZombies/withNico/withNico.srcs/sources_1/new/cursor.v:23]
INFO: [Synth 8-6157] synthesizing module 'toolBar' [C:/Users/camer/Documents/GitHub/PlantsVsZombies/withNico/withNico.srcs/sources_1/new/toolBar.v:23]
INFO: [Synth 8-6155] done synthesizing module 'toolBar' (0#1) [C:/Users/camer/Documents/GitHub/PlantsVsZombies/withNico/withNico.srcs/sources_1/new/toolBar.v:23]
INFO: [Synth 8-6157] synthesizing module 'grid' [C:/Users/camer/Documents/GitHub/PlantsVsZombies/withNico/withNico.srcs/sources_1/new/grid.v:23]
INFO: [Synth 8-6157] synthesizing module 'blk_mem_gen_1' [C:/Users/camer/Documents/GitHub/PlantsVsZombies/withNico/withNico.runs/synth_1/.Xil/Vivado-92936-LAPTOP-07QTASJP/realtime/blk_mem_gen_1_stub.v:6]
INFO: [Synth 8-6155] done synthesizing module 'blk_mem_gen_1' (0#1) [C:/Users/camer/Documents/GitHub/PlantsVsZombies/withNico/withNico.runs/synth_1/.Xil/Vivado-92936-LAPTOP-07QTASJP/realtime/blk_mem_gen_1_stub.v:6]
INFO: [Synth 8-6157] synthesizing module 'blk_mem_gen_2' [C:/Users/camer/Documents/GitHub/PlantsVsZombies/withNico/withNico.runs/synth_1/.Xil/Vivado-92936-LAPTOP-07QTASJP/realtime/blk_mem_gen_2_stub.v:6]
INFO: [Synth 8-6155] done synthesizing module 'blk_mem_gen_2' (0#1) [C:/Users/camer/Documents/GitHub/PlantsVsZombies/withNico/withNico.runs/synth_1/.Xil/Vivado-92936-LAPTOP-07QTASJP/realtime/blk_mem_gen_2_stub.v:6]
INFO: [Synth 8-6157] synthesizing module 'blk_mem_gen_0' [C:/Users/camer/Documents/GitHub/PlantsVsZombies/withNico/withNico.runs/synth_1/.Xil/Vivado-92936-LAPTOP-07QTASJP/realtime/blk_mem_gen_0_stub.v:6]
INFO: [Synth 8-6155] done synthesizing module 'blk_mem_gen_0' (0#1) [C:/Users/camer/Documents/GitHub/PlantsVsZombies/withNico/withNico.runs/synth_1/.Xil/Vivado-92936-LAPTOP-07QTASJP/realtime/blk_mem_gen_0_stub.v:6]
INFO: [Synth 8-6157] synthesizing module 'blk_mem_gen_3' [C:/Users/camer/Documents/GitHub/PlantsVsZombies/withNico/withNico.runs/synth_1/.Xil/Vivado-92936-LAPTOP-07QTASJP/realtime/blk_mem_gen_3_stub.v:6]
INFO: [Synth 8-6155] done synthesizing module 'blk_mem_gen_3' (0#1) [C:/Users/camer/Documents/GitHub/PlantsVsZombies/withNico/withNico.runs/synth_1/.Xil/Vivado-92936-LAPTOP-07QTASJP/realtime/blk_mem_gen_3_stub.v:6]
INFO: [Synth 8-6157] synthesizing module 'blk_mem_gen_4' [C:/Users/camer/Documents/GitHub/PlantsVsZombies/withNico/withNico.runs/synth_1/.Xil/Vivado-92936-LAPTOP-07QTASJP/realtime/blk_mem_gen_4_stub.v:6]
INFO: [Synth 8-6155] done synthesizing module 'blk_mem_gen_4' (0#1) [C:/Users/camer/Documents/GitHub/PlantsVsZombies/withNico/withNico.runs/synth_1/.Xil/Vivado-92936-LAPTOP-07QTASJP/realtime/blk_mem_gen_4_stub.v:6]
INFO: [Synth 8-6155] done synthesizing module 'grid' (0#1) [C:/Users/camer/Documents/GitHub/PlantsVsZombies/withNico/withNico.srcs/sources_1/new/grid.v:23]
INFO: [Synth 8-6157] synthesizing module 'newDrawCon' [C:/Users/camer/Documents/GitHub/PlantsVsZombies/withNico/withNico.srcs/sources_1/new/newDrawCon.v:23]
INFO: [Synth 8-6155] done synthesizing module 'newDrawCon' (0#1) [C:/Users/camer/Documents/GitHub/PlantsVsZombies/withNico/withNico.srcs/sources_1/new/newDrawCon.v:23]
INFO: [Synth 8-6157] synthesizing module 'vga_out' [C:/Users/camer/Documents/GitHub/PlantsVsZombies/withNico/withNico.srcs/sources_1/new/vga_out.v:3]
INFO: [Synth 8-6155] done synthesizing module 'vga_out' (0#1) [C:/Users/camer/Documents/GitHub/PlantsVsZombies/withNico/withNico.srcs/sources_1/new/vga_out.v:3]
INFO: [Synth 8-6155] done synthesizing module 'gameTop' (0#1) [C:/Users/camer/Documents/GitHub/PlantsVsZombies/withNico/withNico.srcs/sources_1/new/gameTop.v:3]
WARNING: [Synth 8-3848] Net zomb_cnt[5] in module/entity zombie_module does not have driver. [C:/Users/camer/Documents/GitHub/PlantsVsZombies/withNico/withNico.srcs/sources_1/new/zombie_module.v:43]
WARNING: [Synth 8-6014] Unused sequential element green_reg was removed.  [C:/Users/camer/Documents/GitHub/PlantsVsZombies/withNico/withNico.srcs/sources_1/new/cursor.v:42]
WARNING: [Synth 8-6014] Unused sequential element blue_reg was removed.  [C:/Users/camer/Documents/GitHub/PlantsVsZombies/withNico/withNico.srcs/sources_1/new/cursor.v:43]
WARNING: [Synth 8-3848] Net squareEnable in module/entity toolBar does not have driver. [C:/Users/camer/Documents/GitHub/PlantsVsZombies/withNico/withNico.srcs/sources_1/new/toolBar.v:27]
WARNING: [Synth 8-6014] Unused sequential element stableCursorGridPosition_reg was removed.  [C:/Users/camer/Documents/GitHub/PlantsVsZombies/withNico/withNico.srcs/sources_1/new/gameTop.v:100]
WARNING: [Synth 8-6014] Unused sequential element LED_0_reg was removed.  [C:/Users/camer/Documents/GitHub/PlantsVsZombies/withNico/withNico.srcs/sources_1/new/gameTop.v:187]
WARNING: [Synth 8-3848] Net validDisplay in module/entity gameTop does not have driver. [C:/Users/camer/Documents/GitHub/PlantsVsZombies/withNico/withNico.srcs/sources_1/new/gameTop.v:254]
WARNING: [Synth 8-7129] Port validDisplay in module newDrawCon is either unconnected or has no load
WARNING: [Synth 8-7129] Port squareEnable in module toolBar is either unconnected or has no load
---------------------------------------------------------------------------------
Finished RTL Elaboration : Time (s): cpu = 00:00:13 ; elapsed = 00:00:15 . Memory (MB): peak = 1554.535 ; gain = 610.332
---------------------------------------------------------------------------------
---------------------------------------------------------------------------------
Start Handling Custom Attributes
---------------------------------------------------------------------------------
---------------------------------------------------------------------------------
Finished Handling Custom Attributes : Time (s): cpu = 00:00:14 ; elapsed = 00:00:15 . Memory (MB): peak = 1554.535 ; gain = 610.332
---------------------------------------------------------------------------------
---------------------------------------------------------------------------------
Finished RTL Optimization Phase 1 : Time (s): cpu = 00:00:14 ; elapsed = 00:00:15 . Memory (MB): peak = 1554.535 ; gain = 610.332
---------------------------------------------------------------------------------
Netlist sorting complete. Time (s): cpu = 00:00:00 ; elapsed = 00:00:00.124 . Memory (MB): peak = 1554.535 ; gain = 0.000
INFO: [Project 1-570] Preparing netlist for logic optimization

Processing XDC Constraints
Initializing timing engine
Parsing XDC File [c:/Users/camer/Documents/GitHub/PlantsVsZombies/withNico/withNico.gen/sources_1/ip/clk_wiz_0/clk_wiz_0/clk_wiz_0_in_context.xdc] for cell 'myClock'
Finished Parsing XDC File [c:/Users/camer/Documents/GitHub/PlantsVsZombies/withNico/withNico.gen/sources_1/ip/clk_wiz_0/clk_wiz_0/clk_wiz_0_in_context.xdc] for cell 'myClock'
Parsing XDC File [c:/Users/camer/Documents/GitHub/PlantsVsZombies/withNico/withNico.gen/sources_1/ip/blk_mem_gen_1/blk_mem_gen_1/blk_mem_gen_1_in_context.xdc] for cell 'grid/grassRomBlock'
Finished Parsing XDC File [c:/Users/camer/Documents/GitHub/PlantsVsZombies/withNico/withNico.gen/sources_1/ip/blk_mem_gen_1/blk_mem_gen_1/blk_mem_gen_1_in_context.xdc] for cell 'grid/grassRomBlock'
Parsing XDC File [c:/Users/camer/Documents/GitHub/PlantsVsZombies/withNico/withNico.gen/sources_1/ip/blk_mem_gen_0/blk_mem_gen_0/blk_mem_gen_0_in_context.xdc] for cell 'grid/peaShooterMaskRomBlock'
Finished Parsing XDC File [c:/Users/camer/Documents/GitHub/PlantsVsZombies/withNico/withNico.gen/sources_1/ip/blk_mem_gen_0/blk_mem_gen_0/blk_mem_gen_0_in_context.xdc] for cell 'grid/peaShooterMaskRomBlock'
Parsing XDC File [c:/Users/camer/Documents/GitHub/PlantsVsZombies/withNico/withNico.gen/sources_1/ip/blk_mem_gen_2/blk_mem_gen_2/blk_mem_gen_2_in_context.xdc] for cell 'grid/peaShooterRomBlock'
Finished Parsing XDC File [c:/Users/camer/Documents/GitHub/PlantsVsZombies/withNico/withNico.gen/sources_1/ip/blk_mem_gen_2/blk_mem_gen_2/blk_mem_gen_2_in_context.xdc] for cell 'grid/peaShooterRomBlock'
Parsing XDC File [c:/Users/camer/Documents/GitHub/PlantsVsZombies/withNico/withNico.gen/sources_1/ip/blk_mem_gen_4/blk_mem_gen_4/blk_mem_gen_4_in_context.xdc] for cell 'grid/sunflowerMaskRomBlock'
Finished Parsing XDC File [c:/Users/camer/Documents/GitHub/PlantsVsZombies/withNico/withNico.gen/sources_1/ip/blk_mem_gen_4/blk_mem_gen_4/blk_mem_gen_4_in_context.xdc] for cell 'grid/sunflowerMaskRomBlock'
Parsing XDC File [c:/Users/camer/Documents/GitHub/PlantsVsZombies/withNico/withNico.gen/sources_1/ip/blk_mem_gen_3/blk_mem_gen_3/blk_mem_gen_3_in_context.xdc] for cell 'grid/sunflowerRomBlock'
Finished Parsing XDC File [c:/Users/camer/Documents/GitHub/PlantsVsZombies/withNico/withNico.gen/sources_1/ip/blk_mem_gen_3/blk_mem_gen_3/blk_mem_gen_3_in_context.xdc] for cell 'grid/sunflowerRomBlock'
Parsing XDC File [C:/Users/camer/Stuff/University/DSD/assignment/assignment.srcs/constrs_1/new/constraints.xdc]
Finished Parsing XDC File [C:/Users/camer/Stuff/University/DSD/assignment/assignment.srcs/constrs_1/new/constraints.xdc]
INFO: [Project 1-236] Implementation specific constraints were found while reading constraint file [C:/Users/camer/Stuff/University/DSD/assignment/assignment.srcs/constrs_1/new/constraints.xdc]. These constraints will be ignored for synthesis but will be used in implementation. Impacted constraints are listed in the file [.Xil/gameTop_propImpl.xdc].
Resolution: To avoid this warning, move constraints listed in [.Xil/gameTop_propImpl.xdc] to another XDC file and exclude this new file from synthesis with the used_in_synthesis property (File Properties dialog in GUI) and re-run elaboration/synthesis.
Completed Processing XDC Constraints

Netlist sorting complete. Time (s): cpu = 00:00:00 ; elapsed = 00:00:00.001 . Memory (MB): peak = 1603.156 ; gain = 0.000
INFO: [Project 1-111] Unisim Transformation Summary:
No Unisim elements were transformed.

Constraint Validation Runtime : Time (s): cpu = 00:00:00 ; elapsed = 00:00:00.040 . Memory (MB): peak = 1603.156 ; gain = 0.000
WARNING: [Timing 38-316] Clock period '20.000' specified during out-of-context synthesis of instance 'grid/grassRomBlock' at clock pin 'clka' is different from the actual clock period '9.392', this can lead to different synthesis results.
WARNING: [Timing 38-316] Clock period '20.000' specified during out-of-context synthesis of instance 'grid/peaShooterMaskRomBlock' at clock pin 'clka' is different from the actual clock period '9.392', this can lead to different synthesis results.
WARNING: [Timing 38-316] Clock period '20.000' specified during out-of-context synthesis of instance 'grid/peaShooterRomBlock' at clock pin 'clka' is different from the actual clock period '9.392', this can lead to different synthesis results.
WARNING: [Timing 38-316] Clock period '20.000' specified during out-of-context synthesis of instance 'grid/sunflowerMaskRomBlock' at clock pin 'clka' is different from the actual clock period '9.392', this can lead to different synthesis results.
WARNING: [Timing 38-316] Clock period '20.000' specified during out-of-context synthesis of instance 'grid/sunflowerRomBlock' at clock pin 'clka' is different from the actual clock period '9.392', this can lead to different synthesis results.
INFO: [Designutils 20-5440] No compile time benefit to using incremental synthesis; A full resynthesis will be run
INFO: [Designutils 20-4379] Flow is switching to default flow due to incremental criteria not met. If you would like to alter this behaviour and have the flow terminate instead, please set the following parameter config_implementation {autoIncr.Synth.RejectBehavior Terminate}
---------------------------------------------------------------------------------
Finished Constraint Validation : Time (s): cpu = 00:00:28 ; elapsed = 00:00:31 . Memory (MB): peak = 1608.078 ; gain = 663.875
---------------------------------------------------------------------------------
---------------------------------------------------------------------------------
Start Loading Part and Timing Information
---------------------------------------------------------------------------------
Loading part: xc7a100tcsg324-1
---------------------------------------------------------------------------------
Finished Loading Part and Timing Information : Time (s): cpu = 00:00:28 ; elapsed = 00:00:31 . Memory (MB): peak = 1608.078 ; gain = 663.875
---------------------------------------------------------------------------------
---------------------------------------------------------------------------------
Start Applying 'set_property' XDC Constraints
---------------------------------------------------------------------------------
Applied set_property IO_BUFFER_TYPE = NONE for clk. (constraint file  c:/Users/camer/Documents/GitHub/PlantsVsZombies/withNico/withNico.gen/sources_1/ip/clk_wiz_0/clk_wiz_0/clk_wiz_0_in_context.xdc, line 3).
Applied set_property CLOCK_BUFFER_TYPE = NONE for clk. (constraint file  c:/Users/camer/Documents/GitHub/PlantsVsZombies/withNico/withNico.gen/sources_1/ip/clk_wiz_0/clk_wiz_0/clk_wiz_0_in_context.xdc, line 4).
Applied set_property KEEP_HIERARCHY = SOFT for myClock. (constraint file  auto generated constraint).
Applied set_property KEEP_HIERARCHY = SOFT for grid/grassRomBlock. (constraint file  auto generated constraint).
Applied set_property KEEP_HIERARCHY = SOFT for grid/peaShooterMaskRomBlock. (constraint file  auto generated constraint).
Applied set_property KEEP_HIERARCHY = SOFT for grid/peaShooterRomBlock. (constraint file  auto generated constraint).
Applied set_property KEEP_HIERARCHY = SOFT for grid/sunflowerMaskRomBlock. (constraint file  auto generated constraint).
Applied set_property KEEP_HIERARCHY = SOFT for grid/sunflowerRomBlock. (constraint file  auto generated constraint).
---------------------------------------------------------------------------------
Finished applying 'set_property' XDC Constraints : Time (s): cpu = 00:00:28 ; elapsed = 00:00:31 . Memory (MB): peak = 1608.078 ; gain = 663.875
---------------------------------------------------------------------------------
---------------------------------------------------------------------------------
Finished RTL Optimization Phase 2 : Time (s): cpu = 00:00:33 ; elapsed = 00:00:37 . Memory (MB): peak = 1608.078 ; gain = 663.875
---------------------------------------------------------------------------------
---------------------------------------------------------------------------------
Start RTL Component Statistics 
---------------------------------------------------------------------------------
Detailed RTL Component Info : 
+---Adders : 
	   2 Input   32 Bit       Adders := 3     
	   2 Input   21 Bit       Adders := 1     
	   2 Input   12 Bit       Adders := 6     
	   2 Input   11 Bit       Adders := 30    
	   2 Input   10 Bit       Adders := 9     
	   2 Input    7 Bit       Adders := 2     
	   2 Input    5 Bit       Adders := 41    
	   2 Input    4 Bit       Adders := 8     
+---Registers : 
	               21 Bit    Registers := 1     
	               11 Bit    Registers := 35    
	               10 Bit    Registers := 3     
	                6 Bit    Registers := 1     
	                5 Bit    Registers := 1     
	                4 Bit    Registers := 37    
	                1 Bit    Registers := 10    
+---RAMs : 
	              184 Bit	(46 X 4 bit)          RAMs := 1     
+---Muxes : 
	   2 Input   11 Bit        Muxes := 301   
	   2 Input   10 Bit        Muxes := 1     
	   2 Input    7 Bit        Muxes := 2     
	   2 Input    6 Bit        Muxes := 6     
	   2 Input    5 Bit        Muxes := 2     
	   2 Input    4 Bit        Muxes := 38    
	   4 Input    4 Bit        Muxes := 3     
	   6 Input    4 Bit        Muxes := 1     
	   6 Input    3 Bit        Muxes := 1     
	   2 Input    3 Bit        Muxes := 5     
	   2 Input    2 Bit        Muxes := 9     
	   2 Input    1 Bit        Muxes := 357   
	   6 Input    1 Bit        Muxes := 3     
---------------------------------------------------------------------------------
Finished RTL Component Statistics 
---------------------------------------------------------------------------------
---------------------------------------------------------------------------------
Start Part Resource Summary
---------------------------------------------------------------------------------
Part Resources:
DSPs: 240 (col length:80)
BRAMs: 270 (col length: RAMB18 80 RAMB36 40)
---------------------------------------------------------------------------------
Finished Part Resource Summary
---------------------------------------------------------------------------------
---------------------------------------------------------------------------------
Start Cross Boundary and Area Optimization
---------------------------------------------------------------------------------
WARNING: [Synth 8-7080] Parallel synthesis criteria is not met
---------------------------------------------------------------------------------
Finished Cross Boundary and Area Optimization : Time (s): cpu = 00:00:57 ; elapsed = 00:01:02 . Memory (MB): peak = 1608.078 ; gain = 663.875
---------------------------------------------------------------------------------
---------------------------------------------------------------------------------
Start ROM, RAM, DSP, Shift Register and Retiming Reporting
---------------------------------------------------------------------------------

Distributed RAM: Preliminary Mapping Report (see note below)
+----------------+------------------+-----------+----------------------+----------------------------+
|Module Name     | RTL Object       | Inference | Size (Depth x Width) | Primitives                 | 
+----------------+------------------+-----------+----------------------+----------------------------+
|nolabel_line203 | gridRegister_reg | Implied   | 64 x 4               | RAM64M x 2                 | 
|gameTop         | gridRegister_reg | Implied   | 64 x 4               | RAM16X1D x 4 RAM32X1D x 4  | 
+----------------+------------------+-----------+----------------------+----------------------------+

Note: The table above is a preliminary report that shows the Distributed RAMs at the current stage of the synthesis flow. Some Distributed RAMs may be reimplemented as non Distributed RAM primitives later in the synthesis flow. Multiple instantiated RAMs are reported only once.
---------------------------------------------------------------------------------
Finished ROM, RAM, DSP, Shift Register and Retiming Reporting
---------------------------------------------------------------------------------
---------------------------------------------------------------------------------
Start Applying XDC Timing Constraints
---------------------------------------------------------------------------------
---------------------------------------------------------------------------------
Finished Applying XDC Timing Constraints : Time (s): cpu = 00:01:06 ; elapsed = 00:01:11 . Memory (MB): peak = 1608.078 ; gain = 663.875
---------------------------------------------------------------------------------
---------------------------------------------------------------------------------
Start Timing Optimization
---------------------------------------------------------------------------------
---------------------------------------------------------------------------------
Finished Timing Optimization : Time (s): cpu = 00:01:08 ; elapsed = 00:01:13 . Memory (MB): peak = 1608.078 ; gain = 663.875
---------------------------------------------------------------------------------
---------------------------------------------------------------------------------
Start ROM, RAM, DSP, Shift Register and Retiming Reporting
---------------------------------------------------------------------------------

Distributed RAM: Final Mapping Report
+----------------+------------------+-----------+----------------------+----------------------------+
|Module Name     | RTL Object       | Inference | Size (Depth x Width) | Primitives                 | 
+----------------+------------------+-----------+----------------------+----------------------------+
|nolabel_line203 | gridRegister_reg | Implied   | 64 x 4               | RAM64M x 2                 | 
|gameTop         | gridRegister_reg | Implied   | 64 x 4               | RAM16X1D x 4 RAM32X1D x 4  | 
+----------------+------------------+-----------+----------------------+----------------------------+

---------------------------------------------------------------------------------
Finished ROM, RAM, DSP, Shift Register and Retiming Reporting
---------------------------------------------------------------------------------
---------------------------------------------------------------------------------
Start Technology Mapping
---------------------------------------------------------------------------------
---------------------------------------------------------------------------------
Finished Technology Mapping : Time (s): cpu = 00:01:09 ; elapsed = 00:01:14 . Memory (MB): peak = 1608.078 ; gain = 663.875
---------------------------------------------------------------------------------
---------------------------------------------------------------------------------
Start IO Insertion
---------------------------------------------------------------------------------
---------------------------------------------------------------------------------
Start Flattening Before IO Insertion
---------------------------------------------------------------------------------
---------------------------------------------------------------------------------
Finished Flattening Before IO Insertion
---------------------------------------------------------------------------------
---------------------------------------------------------------------------------
Start Final Netlist Cleanup
---------------------------------------------------------------------------------
---------------------------------------------------------------------------------
Finished Final Netlist Cleanup
---------------------------------------------------------------------------------
---------------------------------------------------------------------------------
Finished IO Insertion : Time (s): cpu = 00:01:17 ; elapsed = 00:01:22 . Memory (MB): peak = 1608.078 ; gain = 663.875
---------------------------------------------------------------------------------
---------------------------------------------------------------------------------
Start Renaming Generated Instances
---------------------------------------------------------------------------------
---------------------------------------------------------------------------------
Finished Renaming Generated Instances : Time (s): cpu = 00:01:17 ; elapsed = 00:01:22 . Memory (MB): peak = 1608.078 ; gain = 663.875
---------------------------------------------------------------------------------
---------------------------------------------------------------------------------
Start Rebuilding User Hierarchy
---------------------------------------------------------------------------------
---------------------------------------------------------------------------------
Finished Rebuilding User Hierarchy : Time (s): cpu = 00:01:17 ; elapsed = 00:01:22 . Memory (MB): peak = 1608.078 ; gain = 663.875
---------------------------------------------------------------------------------
---------------------------------------------------------------------------------
Start Renaming Generated Ports
---------------------------------------------------------------------------------
---------------------------------------------------------------------------------
Finished Renaming Generated Ports : Time (s): cpu = 00:01:17 ; elapsed = 00:01:22 . Memory (MB): peak = 1608.078 ; gain = 663.875
---------------------------------------------------------------------------------
---------------------------------------------------------------------------------
Start Handling Custom Attributes
---------------------------------------------------------------------------------
---------------------------------------------------------------------------------
Finished Handling Custom Attributes : Time (s): cpu = 00:01:17 ; elapsed = 00:01:22 . Memory (MB): peak = 1608.078 ; gain = 663.875
---------------------------------------------------------------------------------
---------------------------------------------------------------------------------
Start Renaming Generated Nets
---------------------------------------------------------------------------------
---------------------------------------------------------------------------------
Finished Renaming Generated Nets : Time (s): cpu = 00:01:17 ; elapsed = 00:01:22 . Memory (MB): peak = 1608.078 ; gain = 663.875
---------------------------------------------------------------------------------
---------------------------------------------------------------------------------
Start Writing Synthesis Report
---------------------------------------------------------------------------------

Report BlackBoxes: 
+------+--------------+----------+
|      |BlackBox name |Instances |
+------+--------------+----------+
|1     |clk_wiz_0     |         1|
|2     |blk_mem_gen_1 |         1|
|3     |blk_mem_gen_2 |         1|
|4     |blk_mem_gen_0 |         1|
|5     |blk_mem_gen_3 |         1|
|6     |blk_mem_gen_4 |         1|
+------+--------------+----------+

Report Cell Usage: 
+------+------------+------+
|      |Cell        |Count |
+------+------------+------+
|1     |blk_mem_gen |     5|
|6     |clk_wiz     |     1|
|7     |BUFG        |     1|
|8     |CARRY4      |    36|
|9     |LUT1        |    11|
|10    |LUT2        |   140|
|11    |LUT3        |    94|
|12    |LUT4        |   179|
|13    |LUT5        |   195|
|14    |LUT6        |   426|
|15    |MUXF7       |     2|
|16    |RAM16X1D    |     2|
|17    |RAM32X1D    |     2|
|18    |RAM64M      |     1|
|19    |FDRE        |   301|
|20    |FDSE        |   121|
|21    |IBUF        |     6|
|22    |OBUF        |    17|
+------+------------+------+
---------------------------------------------------------------------------------
Finished Writing Synthesis Report : Time (s): cpu = 00:01:17 ; elapsed = 00:01:22 . Memory (MB): peak = 1608.078 ; gain = 663.875
---------------------------------------------------------------------------------
Synthesis finished with 0 errors, 0 critical warnings and 1 warnings.
Synthesis Optimization Runtime : Time (s): cpu = 00:00:59 ; elapsed = 00:01:17 . Memory (MB): peak = 1608.078 ; gain = 610.332
Synthesis Optimization Complete : Time (s): cpu = 00:01:17 ; elapsed = 00:01:22 . Memory (MB): peak = 1608.078 ; gain = 663.875
INFO: [Project 1-571] Translating synthesized netlist
Netlist sorting complete. Time (s): cpu = 00:00:00 ; elapsed = 00:00:00.026 . Memory (MB): peak = 1608.078 ; gain = 0.000
INFO: [Netlist 29-17] Analyzing 43 Unisim elements for replacement
INFO: [Netlist 29-28] Unisim Transformation completed in 0 CPU seconds
INFO: [Project 1-570] Preparing netlist for logic optimization
INFO: [Opt 31-140] Inserted 1 IBUFs to IO ports without IO buffers.
INFO: [Opt 31-138] Pushed 0 inverter(s) to 0 load pin(s).
Netlist sorting complete. Time (s): cpu = 00:00:00 ; elapsed = 00:00:00.001 . Memory (MB): peak = 1608.078 ; gain = 0.000
INFO: [Project 1-111] Unisim Transformation Summary:
  A total of 5 instances were transformed.
  RAM16X1D => RAM32X1D (RAMD32(x2)): 2 instances
  RAM32X1D => RAM32X1D (RAMD32(x2)): 2 instances
  RAM64M => RAM64M (RAMD64E(x4)): 1 instance 

Synth Design complete | Checksum: 76c8b6a1
INFO: [Common 17-83] Releasing license: Synthesis
54 Infos, 20 Warnings, 0 Critical Warnings and 0 Errors encountered.
synth_design completed successfully
synth_design: Time (s): cpu = 00:01:28 ; elapsed = 00:01:38 . Memory (MB): peak = 1608.078 ; gain = 1080.906
Write ShapeDB Complete: Time (s): cpu = 00:00:00 ; elapsed = 00:00:00.011 . Memory (MB): peak = 1608.078 ; gain = 0.000
INFO: [Common 17-1381] The checkpoint 'C:/Users/camer/Documents/GitHub/PlantsVsZombies/withNico/withNico.runs/synth_1/gameTop.dcp' has been generated.
INFO: [Vivado 12-24828] Executing command : report_utilization -file gameTop_utilization_synth.rpt -pb gameTop_utilization_synth.pb
INFO: [Common 17-206] Exiting Vivado at Tue Apr 14 18:03:37 2026...
