
*** Running vivado
    with args -log blk_mem_gen_1.vds -m64 -product Vivado -mode batch -messageDb vivado.pb -notrace -source blk_mem_gen_1.tcl



****** Vivado v2024.1 (64-bit)
  **** SW Build 5076996 on Wed May 22 18:37:14 MDT 2024
  **** IP Build 5075265 on Wed May 22 21:45:21 MDT 2024
  **** SharedData Build 5076995 on Wed May 22 18:29:18 MDT 2024
  **** Start of session at: Wed Apr 15 15:54:33 2026
    ** Copyright 1986-2022 Xilinx, Inc. All Rights Reserved.
    ** Copyright 2022-2024 Advanced Micro Devices, Inc. All Rights Reserved.

source blk_mem_gen_1.tcl -notrace
create_project: Time (s): cpu = 00:00:13 ; elapsed = 00:00:16 . Memory (MB): peak = 512.867 ; gain = 196.191
INFO: [IP_Flow 19-6924] IPCACHE: Running cache check for IP inst: blk_mem_gen_1
INFO: [IP_Flow 19-6922] IPCACHE: Exporting cached entry c858fa1bb998336b to dir: C:/Users/Nico/Documents/GitHubActivities/PlantsVsZombies/withNico/withNico.runs/blk_mem_gen_1_synth_1
INFO: [IP_Flow 19-6928] IPCACHE: copied cached file c:/Users/Nico/Documents/GitHubActivities/PlantsVsZombies/withNico/withNico.cache/ip/2024.1/c/8/c858fa1bb998336b/blk_mem_gen_1.dcp to C:/Users/Nico/Documents/GitHubActivities/PlantsVsZombies/withNico/withNico.runs/blk_mem_gen_1_synth_1/blk_mem_gen_1.dcp.
INFO: [IP_Flow 19-6928] IPCACHE: copied cached file c:/Users/Nico/Documents/GitHubActivities/PlantsVsZombies/withNico/withNico.cache/ip/2024.1/c/8/c858fa1bb998336b/blk_mem_gen_1_sim_netlist.v to C:/Users/Nico/Documents/GitHubActivities/PlantsVsZombies/withNico/withNico.runs/blk_mem_gen_1_synth_1/blk_mem_gen_1_sim_netlist.v.
INFO: [IP_Flow 19-6928] IPCACHE: copied cached file c:/Users/Nico/Documents/GitHubActivities/PlantsVsZombies/withNico/withNico.cache/ip/2024.1/c/8/c858fa1bb998336b/blk_mem_gen_1_sim_netlist.vhdl to C:/Users/Nico/Documents/GitHubActivities/PlantsVsZombies/withNico/withNico.runs/blk_mem_gen_1_synth_1/blk_mem_gen_1_sim_netlist.vhdl.
INFO: [IP_Flow 19-6928] IPCACHE: copied cached file c:/Users/Nico/Documents/GitHubActivities/PlantsVsZombies/withNico/withNico.cache/ip/2024.1/c/8/c858fa1bb998336b/blk_mem_gen_1_stub.v to C:/Users/Nico/Documents/GitHubActivities/PlantsVsZombies/withNico/withNico.runs/blk_mem_gen_1_synth_1/blk_mem_gen_1_stub.v.
INFO: [IP_Flow 19-6928] IPCACHE: copied cached file c:/Users/Nico/Documents/GitHubActivities/PlantsVsZombies/withNico/withNico.cache/ip/2024.1/c/8/c858fa1bb998336b/blk_mem_gen_1_stub.vhdl to C:/Users/Nico/Documents/GitHubActivities/PlantsVsZombies/withNico/withNico.runs/blk_mem_gen_1_synth_1/blk_mem_gen_1_stub.vhdl.
INFO: [IP_Flow 19-4838] Using cached IP synthesis design for IP blk_mem_gen_1, cache-ID = c858fa1bb998336b.
INFO: [Common 17-206] Exiting Vivado at Wed Apr 15 15:54:58 2026...
