xilinx rtfpga
rt::do_reinfer_area_combined 1
INFO: [Synth 8-3886] merging instance 'bulletPositionY_reg[21][2]' (FDSE) to 'bulletPositionY_reg[21][3]'
INFO: [Synth 8-3886] merging instance 'bulletPositionYSync_reg[21][2]' (FDE) to 'bulletPositionYSync_reg[21][3]'
INFO: [Synth 8-3886] merging instance 'bulletPositionY_reg[21][0]' (FDRE) to 'bulletPositionY_reg[21][10]'
INFO: [Synth 8-3886] merging instance 'bulletPositionYSync_reg[21][0]' (FDE) to 'bulletPositionYSync_reg[21][10]'
INFO: [Synth 8-3886] merging instance 'bulletPositionY_reg[21][1]' (FDRE) to 'bulletPositionY_reg[21][10]'
INFO: [Synth 8-3886] merging instance 'bulletPositionYSync_reg[21][1]' (FDE) to 'bulletPositionYSync_reg[21][10]'
INFO: [Synth 8-3886] merging instance 'bulletPositionY_reg[21][3]' (FDSE) to 'bulletPositionY_reg[21][4]'
INFO: [Synth 8-3886] merging instance 'bulletPositionYSync_reg[21][3]' (FDE) to 'bulletPositionYSync_reg[21][4]'
INFO: [Synth 8-3886] merging instance 'bulletPositionY_reg[21][4]' (FDSE) to 'bulletPositionY_reg[21][5]'
INFO: [Synth 8-3886] merging instance 'bulletPositionYSync_reg[21][4]' (FDE) to 'bulletPositionYSync_reg[21][5]'
INFO: [Synth 8-3886] merging instance 'bulletPositionY_reg[21][5]' (FDSE) to 'bulletPositionY_reg[21][6]'
INFO: [Synth 8-3886] merging instance 'bulletPositionYSync_reg[21][5]' (FDE) to 'bulletPositionYSync_reg[21][6]'
INFO: [Synth 8-3333] propagating constant 0 across sequential element (\bulletPositionY_reg[21][10] )
INFO: [Synth 8-3886] merging instance 'bulletPositionY_reg[53][2]' (FDSE) to 'bulletPositionY_reg[53][3]'
INFO: [Synth 8-3886] merging instance 'bulletPositionYSync_reg[53][2]' (FDE) to 'bulletPositionYSync_reg[53][3]'
INFO: [Synth 8-3886] merging instance 'bulletPositionY_reg[53][0]' (FDRE) to 'bulletPositionY_reg[53][10]'
INFO: [Synth 8-3886] merging instance 'bulletPositionYSync_reg[53][0]' (FDE) to 'bulletPositionYSync_reg[53][10]'
INFO: [Synth 8-3886] merging instance 'bulletPositionY_reg[53][1]' (FDRE) to 'bulletPositionY_reg[53][10]'
INFO: [Synth 8-3886] merging instance 'bulletPositionYSync_reg[53][1]' (FDE) to 'bulletPositionYSync_reg[53][10]'
INFO: [Synth 8-3886] merging instance 'bulletPositionY_reg[53][3]' (FDSE) to 'bulletPositionY_reg[53][4]'
INFO: [Synth 8-3886] merging instance 'bulletPositionYSync_reg[53][3]' (FDE) to 'bulletPositionYSync_reg[53][4]'
INFO: [Synth 8-3886] merging instance 'bulletPositionY_reg[53][4]' (FDSE) to 'bulletPositionY_reg[53][5]'
INFO: [Synth 8-3886] merging instance 'bulletPositionYSync_reg[53][4]' (FDE) to 'bulletPositionYSync_reg[53][5]'
INFO: [Synth 8-3886] merging instance 'bulletPositionY_reg[53][5]' (FDSE) to 'bulletPositionY_reg[53][6]'
INFO: [Synth 8-3886] merging instance 'bulletPositionYSync_reg[53][5]' (FDE) to 'bulletPositionYSync_reg[53][6]'
INFO: [Synth 8-3333] propagating constant 0 across sequential element (\bulletPositionY_reg[53][10] )
INFO: [Synth 8-3886] merging instance 'bulletPositionYSync_reg[53][10]' (FDE) to 'bulletPositionYSync_reg[21][10]'
INFO: [Synth 8-3886] merging instance 'bulletPositionY_reg[61][2]' (FDSE) to 'bulletPositionY_reg[61][3]'
INFO: [Synth 8-3886] merging instance 'bulletPositionYSync_reg[61][2]' (FDE) to 'bulletPositionYSync_reg[61][3]'
INFO: [Synth 8-3886] merging instance 'bulletPositionY_reg[61][0]' (FDRE) to 'bulletPositionY_reg[61][10]'
INFO: [Synth 8-3886] merging instance 'bulletPositionYSync_reg[61][0]' (FDE) to 'bulletPositionYSync_reg[61][10]'
INFO: [Synth 8-3886] merging instance 'bulletPositionY_reg[61][1]' (FDRE) to 'bulletPositionY_reg[61][10]'
INFO: [Synth 8-3886] merging instance 'bulletPositionYSync_reg[61][1]' (FDE) to 'bulletPositionYSync_reg[61][10]'
INFO: [Synth 8-3886] merging instance 'bulletPositionY_reg[61][3]' (FDSE) to 'bulletPositionY_reg[61][4]'
INFO: [Synth 8-3886] merging instance 'bulletPositionYSync_reg[61][3]' (FDE) to 'bulletPositionYSync_reg[61][4]'
INFO: [Synth 8-3886] merging instance 'bulletPositionY_reg[61][4]' (FDSE) to 'bulletPositionY_reg[61][5]'
INFO: [Synth 8-3886] merging instance 'bulletPositionYSync_reg[61][4]' (FDE) to 'bulletPositionYSync_reg[61][5]'
INFO: [Synth 8-3886] merging instance 'bulletPositionY_reg[61][5]' (FDSE) to 'bulletPositionY_reg[61][6]'
INFO: [Synth 8-3886] merging instance 'bulletPositionYSync_reg[61][5]' (FDE) to 'bulletPositionYSync_reg[61][6]'
INFO: [Synth 8-3333] propagating constant 0 across sequential element (\bulletPositionY_reg[61][10] )
INFO: [Synth 8-3886] merging instance 'bulletPositionYSync_reg[61][10]' (FDE) to 'bulletPositionYSync_reg[21][10]'
INFO: [Synth 8-3333] propagating constant 0 across sequential element (hit_reg)
INFO: [Synth 8-3333] propagating constant 0 across sequential element (\bulletPositionYSync_reg[21][10] )
INFO: [Synth 8-3886] merging instance 'bulletPositionXSync_reg[16][0]' (FDE) to 'bulletPositionXSync_reg[11][0]'
INFO: [Synth 8-3886] merging instance 'bulletPositionYSync_reg[21][10]' (FDE) to 'bulletPositionXSync_reg[11][0]'
INFO: [Synth 8-3886] merging instance 'bulletPositionXSync_reg[11][0]' (FDE) to 'bulletPositionXSync_reg[45][0]'
INFO: [Synth 8-3886] merging instance 'bulletPositionXSync_reg[24][0]' (FDE) to 'bulletPositionXSync_reg[45][0]'
INFO: [Synth 8-3886] merging instance 'bulletPositionXSync_reg[45][0]' (FDE) to 'bulletPositionXSync_reg[3][0]'
INFO: [Synth 8-3886] merging instance 'bulletPositionXSync_reg[9][0]' (FDE) to 'bulletPositionXSync_reg[3][0]'
INFO: [Synth 8-3886] merging instance 'bulletPositionXSync_reg[3][0]' (FDE) to 'bulletPositionXSync_reg[47][0]'
INFO: [Synth 8-3886] merging instance 'bulletPositionXSync_reg[47][0]' (FDE) to 'bulletPositionXSync_reg[61][0]'
INFO: [Synth 8-3886] merging instance 'bulletPositionXSync_reg[21][0]' (FDE) to 'bulletPositionXSync_reg[61][0]'
INFO: [Synth 8-3886] merging instance 'bulletPositionXSync_reg[53][0]' (FDE) to 'bulletPositionXSync_reg[61][0]'
INFO: [Synth 8-3333] propagating constant 0 across sequential element (\bulletPositionXSync_reg[61][0] )
